
=== Fri Dec 20 16:43:46 2019

Packages were changed.
Update Mode: mergeDefaultDependencies

The following packages were updated:
  com.unity.analytics from version 3.2.2 to 3.3.2
  com.unity.collab-proxy from version 1.2.9 to 1.2.16
  com.unity.package-manager-ui from version 2.1.1 to 2.1.2
  com.unity.purchasing from version 2.0.1 to 2.0.6
  com.unity.textmeshpro from version 1.3.0 to 2.0.1
  com.unity.timeline from version 0.0.0-builtin to 1.0.0

=== Mon Jan 17 09:56:02 2022

Packages were changed.
Update Mode: updateDependencies

The following packages were added:
  com.unity.2d.sprite@1.0.0
  com.unity.2d.tilemap@1.0.0
  com.unity.ide.rider@2.0.7
  com.unity.ide.visualstudio@2.0.8
  com.unity.ide.vscode@1.2.3
  com.unity.modules.androidjni@1.0.0
  com.unity.test-framework@1.1.24
  com.unity.ugui@1.0.0
The following packages were updated:
  com.unity.ads from version 2.0.8 to 3.7.1
  com.unity.analytics from version 3.3.2 to 3.5.3
  com.unity.collab-proxy from version 1.2.16 to 1.5.7
  com.unity.purchasing from version 2.0.6 to 3.2.1
  com.unity.textmeshpro from version 2.0.1 to 3.0.6
  com.unity.timeline from version 1.0.0 to 1.4.8
The following packages were removed:
  com.unity.package-manager-ui@2.1.2

=== Mon Jan 23 13:41:45 2023

Packages were changed.
Update Mode: updateDependencies

The following packages were updated:
  com.unity.ads from version 3.7.1 to 3.7.5
  com.unity.analytics from version 3.5.3 to 3.6.12
  com.unity.collab-proxy from version 1.5.7 to 1.17.1
  com.unity.ide.rider from version 2.0.7 to 3.0.15
  com.unity.ide.visualstudio from version 2.0.8 to 2.0.16
  com.unity.ide.vscode from version 1.2.3 to 1.2.5
  com.unity.purchasing from version 3.2.1 to 4.3.0
  com.unity.test-framework from version 1.1.24 to 1.1.31
  com.unity.timeline from version 1.4.8 to 1.6.4

=== Mon Nov 27 11:40:24 2023

Packages were changed.
Update Mode: updateDependencies

The following packages were added:
  com.unity.ai.navigation@1.1.4
The following packages were updated:
  com.unity.ide.visualstudio from version 2.0.16 to 2.0.18
  com.unity.timeline from version 1.6.4 to 1.7.4

=== Mon Nov 25 16:16:26 2024

Packages were changed.
Update Mode: updateDependencies

The following packages were updated:
  com.unity.ai.navigation from version 1.1.4 to 1.1.5
  com.unity.ide.visualstudio from version 2.0.18 to 2.0.22
  com.unity.timeline from version 1.7.4 to 1.7.6
